  UI.cpp
E:\Informatica\GitHubRepos\FruitNinja\FruitNinja\UI.cpp(36,55): warning C4244: 'argomento': conversione da 'T' a 'T'. Possibile perdita di dati.
E:\Informatica\GitHubRepos\FruitNinja\FruitNinja\UI.cpp(36,55): warning C4244:         with
E:\Informatica\GitHubRepos\FruitNinja\FruitNinja\UI.cpp(36,55): warning C4244:         [
E:\Informatica\GitHubRepos\FruitNinja\FruitNinja\UI.cpp(36,55): warning C4244:             T=unsigned int
E:\Informatica\GitHubRepos\FruitNinja\FruitNinja\UI.cpp(36,55): warning C4244:         ]
E:\Informatica\GitHubRepos\FruitNinja\FruitNinja\UI.cpp(36,55): warning C4244:         and
E:\Informatica\GitHubRepos\FruitNinja\FruitNinja\UI.cpp(36,55): warning C4244:         [
E:\Informatica\GitHubRepos\FruitNinja\FruitNinja\UI.cpp(36,55): warning C4244:             T=float
E:\Informatica\GitHubRepos\FruitNinja\FruitNinja\UI.cpp(36,55): warning C4244:         ]
E:\Informatica\GitHubRepos\FruitNinja\FruitNinja\UI.cpp(37,58): warning C4244: 'argomento': conversione da 'T' a 'T'. Possibile perdita di dati.
E:\Informatica\GitHubRepos\FruitNinja\FruitNinja\UI.cpp(37,58): warning C4244:         with
E:\Informatica\GitHubRepos\FruitNinja\FruitNinja\UI.cpp(37,58): warning C4244:         [
E:\Informatica\GitHubRepos\FruitNinja\FruitNinja\UI.cpp(37,58): warning C4244:             T=unsigned int
E:\Informatica\GitHubRepos\FruitNinja\FruitNinja\UI.cpp(37,58): warning C4244:         ]
E:\Informatica\GitHubRepos\FruitNinja\FruitNinja\UI.cpp(37,58): warning C4244:         and
E:\Informatica\GitHubRepos\FruitNinja\FruitNinja\UI.cpp(37,58): warning C4244:         [
E:\Informatica\GitHubRepos\FruitNinja\FruitNinja\UI.cpp(37,58): warning C4244:             T=float
E:\Informatica\GitHubRepos\FruitNinja\FruitNinja\UI.cpp(37,58): warning C4244:         ]
E:\Informatica\GitHubRepos\FruitNinja\FruitNinja\UI.cpp(38,55): warning C4244: 'argomento': conversione da 'T' a 'T'. Possibile perdita di dati.
E:\Informatica\GitHubRepos\FruitNinja\FruitNinja\UI.cpp(38,55): warning C4244:         with
E:\Informatica\GitHubRepos\FruitNinja\FruitNinja\UI.cpp(38,55): warning C4244:         [
E:\Informatica\GitHubRepos\FruitNinja\FruitNinja\UI.cpp(38,55): warning C4244:             T=unsigned int
E:\Informatica\GitHubRepos\FruitNinja\FruitNinja\UI.cpp(38,55): warning C4244:         ]
E:\Informatica\GitHubRepos\FruitNinja\FruitNinja\UI.cpp(38,55): warning C4244:         and
E:\Informatica\GitHubRepos\FruitNinja\FruitNinja\UI.cpp(38,55): warning C4244:         [
E:\Informatica\GitHubRepos\FruitNinja\FruitNinja\UI.cpp(38,55): warning C4244:             T=float
E:\Informatica\GitHubRepos\FruitNinja\FruitNinja\UI.cpp(38,55): warning C4244:         ]
E:\Informatica\GitHubRepos\FruitNinja\FruitNinja\UI.cpp(95,55): warning C4244: 'argomento': conversione da 'T' a 'T'. Possibile perdita di dati.
E:\Informatica\GitHubRepos\FruitNinja\FruitNinja\UI.cpp(95,55): warning C4244:         with
E:\Informatica\GitHubRepos\FruitNinja\FruitNinja\UI.cpp(95,55): warning C4244:         [
E:\Informatica\GitHubRepos\FruitNinja\FruitNinja\UI.cpp(95,55): warning C4244:             T=unsigned int
E:\Informatica\GitHubRepos\FruitNinja\FruitNinja\UI.cpp(95,55): warning C4244:         ]
E:\Informatica\GitHubRepos\FruitNinja\FruitNinja\UI.cpp(95,55): warning C4244:         and
E:\Informatica\GitHubRepos\FruitNinja\FruitNinja\UI.cpp(95,55): warning C4244:         [
E:\Informatica\GitHubRepos\FruitNinja\FruitNinja\UI.cpp(95,55): warning C4244:             T=float
E:\Informatica\GitHubRepos\FruitNinja\FruitNinja\UI.cpp(95,55): warning C4244:         ]
  main.cpp
E:\Informatica\GitHubRepos\FruitNinja\FruitNinja\main.cpp(88,20): warning C4267: 'inizializzazione': conversione da 'size_t' a 'int'. Possibile perdita di dati.
E:\Informatica\GitHubRepos\FruitNinja\FruitNinja\main.cpp(108,20): warning C4267: 'inizializzazione': conversione da 'size_t' a 'int'. Possibile perdita di dati.
E:\Informatica\GitHubRepos\FruitNinja\FruitNinja\main.cpp(116,20): warning C4267: 'inizializzazione': conversione da 'size_t' a 'int'. Possibile perdita di dati.
E:\Informatica\GitHubRepos\FruitNinja\FruitNinja\main.cpp(167,42): warning C4244: 'argomento': conversione da 'int' a 'T'. Possibile perdita di dati.
E:\Informatica\GitHubRepos\FruitNinja\FruitNinja\main.cpp(167,42): warning C4244:         with
E:\Informatica\GitHubRepos\FruitNinja\FruitNinja\main.cpp(167,42): warning C4244:         [
E:\Informatica\GitHubRepos\FruitNinja\FruitNinja\main.cpp(167,42): warning C4244:             T=float
E:\Informatica\GitHubRepos\FruitNinja\FruitNinja\main.cpp(167,42): warning C4244:         ]
E:\Informatica\GitHubRepos\FruitNinja\FruitNinja\main.cpp(186,42): warning C4244: 'argomento': conversione da 'int' a 'T'. Possibile perdita di dati.
E:\Informatica\GitHubRepos\FruitNinja\FruitNinja\main.cpp(186,42): warning C4244:         with
E:\Informatica\GitHubRepos\FruitNinja\FruitNinja\main.cpp(186,42): warning C4244:         [
E:\Informatica\GitHubRepos\FruitNinja\FruitNinja\main.cpp(186,42): warning C4244:             T=float
E:\Informatica\GitHubRepos\FruitNinja\FruitNinja\main.cpp(186,42): warning C4244:         ]
  Generazione del codice in corso...
  FruitNinja.vcxproj -> E:\Informatica\GitHubRepos\FruitNinja\FruitNinja\x64\Debug\FruitNinja.exe
